
trce -f "platform1_platform1.mt" -o "platform1_platform1.tw1" "platform1_platform1_map.ncd" "platform1_platform1.prf"
trce:  version Diamond (64-bit) 3.10.2.115

Copyright (c) 1991-1994 by NeoCAD Inc. All rights reserved.
Copyright (c) 1995 AT&T Corp.   All rights reserved.
Copyright (c) 1995-2001 Lucent Technologies Inc.  All rights reserved.
Copyright (c) 2001 Agere Systems   All rights reserved.
Copyright (c) 2002-2017 Lattice Semiconductor Corporation,  All rights reserved.

Loading design for application trce from file platform1_platform1_map.ncd.
Design name: platform1_vhd
NCD version: 3.3
Vendor:      LATTICE
Device:      LCMXO2-4000HC
Package:     CSBGA132
Performance: 4
Loading device for application trce from file 'xo2c4000.nph' in environment: D:/lscc/diamond/3.10_x64/ispfpga.
Package Status:                     Final          Version 1.44.
Performance Hardware Data Status:   Final          Version 34.4.
Setup and Hold Report

--------------------------------------------------------------------------------
Lattice TRACE Report - Setup, Version Diamond (64-bit) 3.10.2.115
Sun Oct 21 12:09:52 2018

Copyright (c) 1991-1994 by NeoCAD Inc. All rights reserved.
Copyright (c) 1995 AT&T Corp.   All rights reserved.
Copyright (c) 1995-2001 Lucent Technologies Inc.  All rights reserved.
Copyright (c) 2001 Agere Systems   All rights reserved.
Copyright (c) 2002-2017 Lattice Semiconductor Corporation,  All rights reserved.

Report Information
------------------
Command line:    trce -v 1 -gt -mapchkpnt 0 -sethld -o platform1_platform1.tw1 -gui -msgset D:/LatticeMico8Projects/lm8_tutor/promote.xml platform1_platform1_map.ncd platform1_platform1.prf 
Design file:     platform1_platform1_map.ncd
Preference file: platform1_platform1.prf
Device,speed:    LCMXO2-4000HC,4
Report level:    verbose report, limited to 1 item per preference
--------------------------------------------------------------------------------

Report Type:     based on TRACE automatically generated preferences
BLOCK ASYNCPATHS
BLOCK RESETPATHS
--------------------------------------------------------------------------------



Timing summary (Setup):
---------------

Timing errors: 2716  Score: 3761202
Cumulative negative slack: 3761202

Constraints cover 72985 paths, 1 nets, and 3257 connections (96.22% coverage)

--------------------------------------------------------------------------------
Lattice TRACE Report - Hold, Version Diamond (64-bit) 3.10.2.115
Sun Oct 21 12:09:53 2018

Copyright (c) 1991-1994 by NeoCAD Inc. All rights reserved.
Copyright (c) 1995 AT&T Corp.   All rights reserved.
Copyright (c) 1995-2001 Lucent Technologies Inc.  All rights reserved.
Copyright (c) 2001 Agere Systems   All rights reserved.
Copyright (c) 2002-2017 Lattice Semiconductor Corporation,  All rights reserved.

Report Information
------------------
Command line:    trce -v 1 -gt -mapchkpnt 0 -sethld -o platform1_platform1.tw1 -gui -msgset D:/LatticeMico8Projects/lm8_tutor/promote.xml platform1_platform1_map.ncd platform1_platform1.prf 
Design file:     platform1_platform1_map.ncd
Preference file: platform1_platform1.prf
Device,speed:    LCMXO2-4000HC,M
Report level:    verbose report, limited to 1 item per preference
--------------------------------------------------------------------------------

BLOCK ASYNCPATHS
BLOCK RESETPATHS
--------------------------------------------------------------------------------



Timing summary (Hold):
---------------

Timing errors: 0  Score: 0
Cumulative negative slack: 0

Constraints cover 72985 paths, 1 nets, and 3363 connections (99.35% coverage)



Timing summary (Setup and Hold):
---------------

Timing errors: 2716 (setup), 0 (hold)
Score: 3761202 (setup), 0 (hold)
Cumulative negative slack: 3761202 (3761202+0)
--------------------------------------------------------------------------------

--------------------------------------------------------------------------------

Total time: 2 secs 
